This is pdfTeX, Version 3.14159265-2.6-1.40.17 (TeX Live 2016) (preloaded format=pdflatex 2016.5.22)  11 APR 2024 16:54
entering extended mode
 restricted \write18 enabled.
 file:line:error style messages enabled.
 %&-line parsing enabled.
**BiophysicsPaperDraft2
(./BiophysicsPaperDraft2
LaTeX2e <2016/03/31>
Babel <3.9r> and hyphenation patterns for 83 language(s) loaded.
(/usr/local/texlive/2016/texmf-dist/tex/latex/revtex/revtex4-1.cls
Document Class: revtex4-1 2010/07/25/20:33:00 4.1r (http://publish.aps.org/revt
ex4/ for documentation)
 Copyright (c) 2009 The American Physical Society.
 mailto:revtex@aps.org
 Licensed under the LPPL:
http://www.ctan.org/tex-archive/macros/latex/base/lppl.txt
 Arthur Ogawa <arthur_ogawa at sbcglobal dot net>
 Based on work by David Carlisle <david at dcarlisle.demon.co.uk>.
ltxutil[2010/07/25/20:33:00 4.1r utilities package (portions licensed from W. E
. Baxter web at superscript.com)]
LaTeX Info: Redefining \@centercr on input line 308.
Class revtex4-1 Info: Repairing broken LaTeX eqnarray on input line 358.
\eqncolsep=\skip41
Class revtex4-1 Info: Repairing hyperref-unfriendly LaTeX definition of \mpfoot
note on input line 433.
Class revtex4-1 Info: Repairing broken LateX \@sect on input line 755.
\intertabularlinepenalty=\count79
\@tbpen=\count80
\@arstrutbox@hline=\box26
Class revtex4-1 Info: Repairing broken LaTeX \@xbitor on input line 1786.
Class revtex4-1 Info: Making \typeout \long on input line 2046.
ltxfront[2010/07/25/20:33:00 4.1r frontmatter package (AO,DPC)]
\c@affil=\count81
\c@collab=\count82
\absbox=\box27
ltxgrid[2010/07/25/20:33:00 4.1r page grid package (portions licensed from W. E
. Baxter web at superscript.com)]
\c@linecount=\count83
\output@latex=\toks14
\box@size@1=\box28
\box@size@2=\box29
\@protection@box=\box30
\@topmark@saved=\toks15
\footins@saved=\box31
\footins@recovered=\box32
\column@recovered=\box33
\pagesofar=\box34
\footsofar=\box35
\pagegrid@col=\count84
Class revtex4-1 Info: Overriding \@vspace, \@vspacer, \@no@pgbk, \@newline, and
 \\  on input line 5578.
\c@part=\count85
\c@section=\count86
\c@subsection=\count87
\c@subsubsection=\count88
\c@paragraph=\count89
\c@subparagraph=\count90
\abovecaptionskip=\skip42
\belowcaptionskip=\skip43
\c@figure=\count91
\fbox@1=\box36
\c@table=\count92
\fbox@2=\box37
\c@video=\count93
\fbox@4=\box38
\@bibdataout=\write3
\widetext@top=\box39
\widetext@bot=\box40
Class revtex4-1 Info: Selecting society aps on input line 7542.
(/usr/local/texlive/2016/texmf-dist/tex/latex/revtex/aps4-1.rtx
File: aps4-1 2010/07/25/20:33:00 4.1r (http://publish.aps.org/revtex4/ for docu
mentation)
Class revtex4-1 Info: RevTeX society APS selected on input line 31.
)

Class revtex4-1 Warning: No journal specified, using default pra.

Class revtex4-1 Info: APS journal PRA selected on input line 7545.
(/usr/local/texlive/2016/texmf-dist/tex/latex/revtex/aps10pt4-1.rtx
File: aps10pt4-1 2010/07/25/20:33:00 4.1r (http://publish.aps.org/revtex4/ for 
documentation)
Class revtex4-1 Info: RevTeX pointsize 10pt selected on input line 30.
)
(/usr/local/texlive/2016/texmf-dist/tex/latex/textcase/textcase.sty
Package: textcase 2004/10/07 v0.07 Text only upper/lower case changing (DPC)
)
(/usr/local/texlive/2016/texmf-dist/tex/latex/amsfonts/amssymb.sty
Package: amssymb 2013/01/14 v3.01 AMS font symbols

(/usr/local/texlive/2016/texmf-dist/tex/latex/amsfonts/amsfonts.sty
Package: amsfonts 2013/01/14 v3.01 Basic AMSFonts support
\@emptytoks=\toks16
\symAMSa=\mathgroup4
\symAMSb=\mathgroup5
LaTeX Font Info:    Overwriting math alphabet `\mathfrak' in version `bold'
(Font)                  U/euf/m/n --> U/euf/b/n on input line 106.
))
(/usr/local/texlive/2016/texmf-dist/tex/latex/amsmath/amsmath.sty
Package: amsmath 2016/03/10 v2.15b AMS math features
\@mathmargin=\skip44

For additional information on amsmath, use the `?' option.
(/usr/local/texlive/2016/texmf-dist/tex/latex/amsmath/amstext.sty
Package: amstext 2000/06/29 v2.01 AMS text

(/usr/local/texlive/2016/texmf-dist/tex/latex/amsmath/amsgen.sty
File: amsgen.sty 1999/11/30 v2.0 generic functions
\@emptytoks=\toks17
\ex@=\dimen102
)
LaTeX Info: Redefining \text on input line 28.
)
(/usr/local/texlive/2016/texmf-dist/tex/latex/amsmath/amsbsy.sty
Package: amsbsy 1999/11/29 v1.2d Bold Symbols
\pmbraise@=\dimen103
)
(/usr/local/texlive/2016/texmf-dist/tex/latex/amsmath/amsopn.sty
Package: amsopn 2016/03/08 v2.02 operator names
)
\inf@bad=\count94
LaTeX Info: Redefining \frac on input line 199.
\uproot@=\count95
\leftroot@=\count96
LaTeX Info: Redefining \overline on input line 297.
\classnum@=\count97
\DOTSCASE@=\count98
LaTeX Info: Redefining \ldots on input line 394.
LaTeX Info: Redefining \dots on input line 397.
LaTeX Info: Redefining \cdots on input line 518.
\Mathstrutbox@=\box41
\strutbox@=\box42
\big@size=\dimen104
LaTeX Font Info:    Redeclaring font encoding OML on input line 634.
LaTeX Font Info:    Redeclaring font encoding OMS on input line 635.
\macc@depth=\count99
\c@MaxMatrixCols=\count100
\dotsspace@=\muskip10
\c@parentequation=\count101
\dspbrk@lvl=\count102
\tag@help=\toks18
\row@=\count103
\column@=\count104
\maxfields@=\count105
\andhelp@=\toks19
\eqnshift@=\dimen105
\alignsep@=\dimen106
\tagshift@=\dimen107
\tagwidth@=\dimen108
\totwidth@=\dimen109
\lineht@=\dimen110
\@envbody=\toks20
\multlinegap=\skip45
\multlinetaggap=\skip46
\mathdisplay@stack=\toks21
LaTeX Info: Redefining \[ on input line 2739.
LaTeX Info: Redefining \] on input line 2740.
)
(/usr/local/texlive/2016/texmf-dist/tex/latex/url/url.sty
\Urlmuskip=\muskip11
Package: url 2013/09/16  ver 3.4  Verb mode for urls, etc.
)
(/usr/local/texlive/2016/texmf-dist/tex/latex/natbib/natbib.sty
Package: natbib 2010/09/13 8.31b (PWD, AO)
\bibhang=\skip47
\bibsep=\skip48
LaTeX Info: Redefining \cite on input line 694.
\c@NAT@ctr=\count106
)
Class revtex4-1 Info: Repairing natbib's \BibitemShut on input line 7549.

(/usr/local/texlive/2016/texmf-dist/tex/latex/revtex/revsymb4-1.sty
Package: revsymb4-1 2010/07/25/20:33:00 4.1r (http://publish.aps.org/revtex4/ f
or documentation)
LaTeX Info: Redefining \frak on input line 95.
LaTeX Info: Redefining \Bbb on input line 111.
LaTeX Info: Redefining \REV@mathfrak on input line 119.
))
(/usr/local/texlive/2016/texmf-dist/tex/latex/lipsum/lipsum.sty
Package: lipsum 2014/07/27 v1.3 150 paragraphs of Lorem Ipsum dummy text
\c@lips@count=\count107
)
(/usr/local/texlive/2016/texmf-dist/tex/latex/mwe/mwe.sty
Package: mwe 2012/05/15 v0.3 Package to support minimal working examples (MWE)

(/usr/local/texlive/2016/texmf-dist/tex/latex/graphics/graphicx.sty
Package: graphicx 2014/10/28 v1.0g Enhanced LaTeX Graphics (DPC,SPQR)

(/usr/local/texlive/2016/texmf-dist/tex/latex/graphics/keyval.sty
Package: keyval 2014/10/28 v1.15 key=value parser (DPC)
\KV@toks@=\toks22
)
(/usr/local/texlive/2016/texmf-dist/tex/latex/graphics/graphics.sty
Package: graphics 2016/05/09 v1.0r Standard LaTeX Graphics (DPC,SPQR)

(/usr/local/texlive/2016/texmf-dist/tex/latex/graphics/trig.sty
Package: trig 2016/01/03 v1.10 sin cos tan (DPC)
)
(/usr/local/texlive/2016/texmf-dist/tex/latex/graphics-cfg/graphics.cfg
File: graphics.cfg 2016/01/02 v1.10 sample graphics configuration
)
Package graphics Info: Driver file: pdftex.def on input line 96.

(/usr/local/texlive/2016/texmf-dist/tex/latex/pdftex-def/pdftex.def
File: pdftex.def 2011/05/27 v0.06d Graphics/color for pdfTeX

(/usr/local/texlive/2016/texmf-dist/tex/generic/oberdiek/infwarerr.sty
Package: infwarerr 2016/05/16 v1.4 Providing info/warning/error messages (HO)
)
(/usr/local/texlive/2016/texmf-dist/tex/generic/oberdiek/ltxcmds.sty
Package: ltxcmds 2016/05/16 v1.23 LaTeX kernel commands for general use (HO)
)
\Gread@gobject=\count108
))
\Gin@req@height=\dimen111
\Gin@req@width=\dimen112
)
(/usr/local/texlive/2016/texmf-dist/tex/latex/blindtext/blindtext.sty
Package: blindtext 2012/01/06 V2.0 blindtext-Package

(/usr/local/texlive/2016/texmf-dist/tex/latex/tools/xspace.sty
Package: xspace 2014/10/28 v1.13 Space after command names (DPC,MH)
)
\c@blindtext=\count109
\c@Blindtext=\count110
\c@blind@countparstart=\count111
\blind@countxx=\count112
\blindtext@numBlindtext=\count113
\blind@countyy=\count114
\c@blindlist=\count115
\c@blindlistlevel=\count116
\c@blindlist@level=\count117
\blind@listitem=\count118
\c@blind@listcount=\count119
\c@blind@levelcount=\count120
\blind@mathformula=\count121
\blind@Mathformula=\count122
\c@blind@randomcount=\count123
\c@blind@randommax=\count124
\c@blind@pangramcount=\count125
\c@blind@pangrammax=\count126
))
(/usr/local/texlive/2016/texmf-dist/tex/latex/caption/subcaption.sty
Package: subcaption 2016/02/20 v1.1-142 Sub-captions (AR)

(/usr/local/texlive/2016/texmf-dist/tex/latex/caption/caption.sty
Package: caption 2016/02/21 v3.3-144 Customizing captions (AR)

(/usr/local/texlive/2016/texmf-dist/tex/latex/caption/caption3.sty
Package: caption3 2016/02/04 v1.7-139 caption3 kernel (AR)
Package caption3 Info: TeX engine: e-TeX on input line 67.
\captionmargin=\dimen113
\captionmargin@=\dimen114
\captionwidth=\dimen115
\caption@tempdima=\dimen116
\caption@indent=\dimen117
\caption@parindent=\dimen118
\caption@hangindent=\dimen119
Package caption Info: Unknown document class (or package),
(caption)             standard defaults will be used.
)

Package caption Warning: Unsupported document class (or package) detected,
(caption)                usage of the caption package is not recommended.
See the caption package documentation for explanation.

Package caption Info: \@makecaption = \long macro:#1#2->\par \vskip \abovecapti
onskip \begingroup \small \rmfamily \sbox \@tempboxa {\let \\\heading@cr \@make
@capt@title {#1}{#2}}\@ifdim {\wd \@tempboxa >\hsize }{\begingroup \samepage \f
lushing \let \footnote \@footnotemark@gobble \@make@capt@title {#1}{#2}\par \en
dgroup }{\global \@minipagefalse \hb@xt@ \hsize {\hfil \unhbox \@tempboxa \hfil
 }}\endgroup \vskip \belowcaptionskip .
\c@ContinuedFloat=\count127
)
\c@subfigure=\count128
\c@subtable=\count129
) (/usr/local/texlive/2016/texmf-dist/tex/latex/tools/dcolumn.sty
Package: dcolumn 2014/10/28 v1.06 decimal alignment package (DPC)

(/usr/local/texlive/2016/texmf-dist/tex/latex/tools/array.sty
Package: array 2014/10/28 v2.4c Tabular extension package (FMi)
\col@sep=\dimen120
\extrarowheight=\dimen121
\NC@list=\toks23
\extratabsurround=\skip49
\backup@length=\skip50
))
(/usr/local/texlive/2016/texmf-dist/tex/latex/tools/bm.sty
Package: bm 2016/02/27 v1.2a Bold Symbol Support (DPC/FMi)
\symboldoperators=\mathgroup6
\symboldletters=\mathgroup7
\symboldsymbols=\mathgroup8
LaTeX Font Info:    Redeclaring math alphabet \mathbf on input line 142.
LaTeX Info: Redefining \bm on input line 208.
)
(/usr/local/texlive/2016/texmf-dist/tex/latex/float/float.sty
Package: float 2001/11/08 v1.3d Float enhancements (AL)
\c@float@type=\count130
\float@exts=\toks24
\float@box=\box43
\@float@everytoks=\toks25
\@floatcapt=\box44
)
Class revtex4-1 Info: Patching array package. on input line 45.


Class revtex4-1 Warning: Repair the float package.

Class revtex4-1 Info: Robustifying \LaTeX's \boldmath command on input line 45.

Class revtex4-1 Info: cite was not loaded (OK!) on input line 45.
Class revtex4-1 Info: mcite was not loaded (OK!) on input line 45.
Class revtex4-1 Info: multicol was not loaded (OK!) on input line 45.
(./BiophysicsPaperDraft2.aux)
\openout1 = `BiophysicsPaperDraft2.aux'.

LaTeX Font Info:    Checking defaults for OML/cmm/m/it on input line 45.
LaTeX Font Info:    ... okay on input line 45.
LaTeX Font Info:    Checking defaults for T1/cmr/m/n on input line 45.
LaTeX Font Info:    ... okay on input line 45.
LaTeX Font Info:    Checking defaults for OT1/cmr/m/n on input line 45.
LaTeX Font Info:    ... okay on input line 45.
LaTeX Font Info:    Checking defaults for OMS/cmsy/m/n on input line 45.
LaTeX Font Info:    ... okay on input line 45.
LaTeX Font Info:    Checking defaults for OMX/cmex/m/n on input line 45.
LaTeX Font Info:    ... okay on input line 45.
LaTeX Font Info:    Checking defaults for U/cmr/m/n on input line 45.
LaTeX Font Info:    ... okay on input line 45.

(/usr/local/texlive/2016/texmf-dist/tex/context/base/mkii/supp-pdf.mkii
[Loading MPS to PDF converter (version 2006.09.02).]
\scratchcounter=\count131
\scratchdimen=\dimen122
\scratchbox=\box45
\nofMPsegments=\count132
\nofMParguments=\count133
\everyMPshowfont=\toks26
\MPscratchCnt=\count134
\MPscratchDim=\dimen123
\MPnumerator=\count135
\makeMPintoPDFobject=\count136
\everyMPtoPDFconversion=\toks27
) (/usr/local/texlive/2016/texmf-dist/tex/generic/oberdiek/pdftexcmds.sty
Package: pdftexcmds 2016/05/10 v0.21 Utility functions of pdfTeX for LuaTeX (HO
)

(/usr/local/texlive/2016/texmf-dist/tex/generic/oberdiek/ifluatex.sty
Package: ifluatex 2016/05/16 v1.4 Provides the ifluatex switch (HO)
Package ifluatex Info: LuaTeX not detected.
)
(/usr/local/texlive/2016/texmf-dist/tex/generic/oberdiek/ifpdf.sty
Package: ifpdf 2016/05/14 v3.1 Provides the ifpdf switch
)
Package pdftexcmds Info: LuaTeX not detected.
Package pdftexcmds Info: \pdf@primitive is available.
Package pdftexcmds Info: \pdf@ifprimitive is available.
Package pdftexcmds Info: \pdfdraftmode found.
)
(/usr/local/texlive/2016/texmf-dist/tex/latex/oberdiek/epstopdf-base.sty
Package: epstopdf-base 2016/05/15 v2.6 Base part for package epstopdf

(/usr/local/texlive/2016/texmf-dist/tex/latex/oberdiek/grfext.sty
Package: grfext 2016/05/16 v1.2 Manage graphics extensions (HO)

(/usr/local/texlive/2016/texmf-dist/tex/generic/oberdiek/kvdefinekeys.sty
Package: kvdefinekeys 2016/05/16 v1.4 Define keys (HO)
))
(/usr/local/texlive/2016/texmf-dist/tex/latex/oberdiek/kvoptions.sty
Package: kvoptions 2016/05/16 v3.12 Key value format for package options (HO)

(/usr/local/texlive/2016/texmf-dist/tex/generic/oberdiek/kvsetkeys.sty
Package: kvsetkeys 2016/05/16 v1.17 Key value parser (HO)

(/usr/local/texlive/2016/texmf-dist/tex/generic/oberdiek/etexcmds.sty
Package: etexcmds 2016/05/16 v1.6 Avoid name clashes with e-TeX commands (HO)
Package etexcmds Info: Could not find \expanded.
(etexcmds)             That can mean that you are not using pdfTeX 1.50 or
(etexcmds)             that some package has redefined \expanded.
(etexcmds)             In the latter case, load this package earlier.
)))
Package grfext Info: Graphics extension search list:
(grfext)             [.pdf,.png,.jpg,.mps,.jpeg,.jbig2,.jb2,.PNG,.PDF,.JPG,.JPE
G,.JBIG2,.JB2,.eps]
(grfext)             \AppendGraphicsExtensions on input line 456.

(/usr/local/texlive/2016/texmf-dist/tex/latex/latexconfig/epstopdf-sys.cfg
File: epstopdf-sys.cfg 2010/07/13 v1.3 Configuration of (r)epstopdf for TeX Liv
e
))
Package caption Info: Begin \AtBeginDocument code.
Package caption Info: float package is loaded.
Package caption Info: End \AtBeginDocument code.
\openout3 = `BiophysicsPaperDraft2Notes.bib'.

LaTeX Font Info:    Try loading font information for U+msa on input line 65.

(/usr/local/texlive/2016/texmf-dist/tex/latex/amsfonts/umsa.fd
File: umsa.fd 2013/01/14 v3.01 AMS symbols A
)
LaTeX Font Info:    Try loading font information for U+msb on input line 65.

(/usr/local/texlive/2016/texmf-dist/tex/latex/amsfonts/umsb.fd
File: umsb.fd 2013/01/14 v3.01 AMS symbols B
)

Class revtex4-1 Warning: Assuming \noaffiliation for authors.


Package natbib Warning: Citation `ref:HHoriginal' on page 1 undefined on input 
line 76.


Package natbib Warning: Citation `ref:BrainAndMind' on page 1 undefined on inpu
t line 76.


Package natbib Warning: Citation `ref:HHstanding' on page 1 undefined on input 
line 95.


Package natbib Warning: Citation `ref:HHthermo' on page 1 undefined on input li
ne 95.


Package natbib Warning: Citation `ref:FluidDynamics' on page 1 undefined on inp
ut line 95.


Package natbib Warning: Citation `ref:FitzHugh' on page 1 undefined on input li
ne 97.


Package natbib Warning: Citation `ref:FitzHugh' on page 1 undefined on input li
ne 99.


Package natbib Warning: Citation `ref:Nagumo' on page 1 undefined on input line
 99.


Underfull \hbox (badness 1107) in paragraph at lines 99--101
[]\OT1/cmr/m/n/10 The FitzHugh-Nagumo Model was cre-ated by R.
 []


Package natbib Warning: Citation `ref:FitzHugh' on page 1 undefined on input li
ne 110.


Package natbib Warning: Citation `ref:FitzHugh2' on page 1 undefined on input l
ine 117.


Package natbib Warning: Citation `ref:MLbifurcations' on page 1 undefined on in
put line 117.


Package natbib Warning: Citation `ref:MLphaseportraits' on page 1 undefined on 
input line 117.


Package natbib Warning: Citation `ref:EulerMaruyama' on page 1 undefined on inp
ut line 123.

[1{/usr/local/texlive/2016/texmf-var/fonts/map/pdftex/updmap/pdftex.map}]

Package natbib Warning: Citation `ref:FitzHugh' on page 2 undefined on input li
ne 154.


Package natbib Warning: Citation `ref:Strogatz' on page 2 undefined on input li
ne 156.


Overfull \hbox (3.04593pt too wide) detected at line 172
[]\OT1/cmr/m/n/10 (\OML/cmm/m/it/10 a \OMS/cmsy/m/n/10 ^^@ \OML/cmm/m/it/10 v\O
T1/cmr/m/n/10 ) = [] \OMS/cmsy/m/n/10 ^^@ \OML/cmm/m/it/10 v \OT1/cmr/m/n/10 + 
\OML/cmm/m/it/10 I  \OT1/cmr/m/n/10 =[]\OMS/cmsy/m/n/10 )  [] \OT1/cmr/m/n/10 +
 [] \OML/cmm/m/it/10 v \OT1/cmr/m/n/10 + [] = 0
 []


Package natbib Warning: Citation `ref:Strogatz' on page 2 undefined on input li
ne 174.

[2] <../figures/PhaseWithTraj2.png, id=22, 446.66875pt x 262.9825pt>
File: ../figures/PhaseWithTraj2.png Graphic file (type png)

<use ../figures/PhaseWithTraj2.png>
Package pdftex.def Info: ../figures/PhaseWithTraj2.png used on input line 238.
(pdftex.def)             Requested size: 245.66856pt x 144.64081pt.

<../figures/TrajForPhase2.png, id=24, 440.64626pt x 262.9825pt>
File: ../figures/TrajForPhase2.png Graphic file (type png)

<use ../figures/TrajForPhase2.png>
Package pdftex.def Info: ../figures/TrajForPhase2.png used on input line 242.
(pdftex.def)             Requested size: 242.35619pt x 144.64081pt.

<../figures/FitzHughPhase.png, id=25, 794.97pt x 444.66125pt>
File: ../figures/FitzHughPhase.png Graphic file (type png)

<use ../figures/FitzHughPhase.png>
Package pdftex.def Info: ../figures/FitzHughPhase.png used on input line 246.
(pdftex.def)             Requested size: 246.0pt x 137.59929pt.


Package natbib Warning: Citation `ref:FitzHugh' on page 3 undefined on input li
ne 247.


Package natbib Warning: Citation `ref:FitzHugh' on page 3 undefined on input li
ne 247.

<../figures/FitzHughTraj.png, id=26, 648.4225pt x 399.4925pt>
File: ../figures/FitzHughTraj.png Graphic file (type png)

<use ../figures/FitzHughTraj.png>
Package pdftex.def Info: ../figures/FitzHughTraj.png used on input line 250.
(pdftex.def)             Requested size: 246.0pt x 151.55879pt.


Package natbib Warning: Citation `ref:FitzHugh' on page 3 undefined on input li
ne 251.


Package natbib Warning: Citation `ref:FitzHugh' on page 3 undefined on input li
ne 251.


Package natbib Warning: Citation `ref:noise' on page 3 undefined on input line 
265.


Package natbib Warning: Citation `ref:EulerMaruyama' on page 3 undefined on inp
ut line 281.


Package natbib Warning: Citation `ref:TheoreticalNeuroscience' on page 3 undefi
ned on input line 296.


Package natbib Warning: Citation `ref:FitzHugh' on page 3 undefined on input li
ne 296.

<../figures/ReplicatingFitzHugh1fix.png, id=27, 483.8075pt x 425.59pt>
File: ../figures/ReplicatingFitzHugh1fix.png Graphic file (type png)

<use ../figures/ReplicatingFitzHugh1fix.png>
Package pdftex.def Info: ../figures/ReplicatingFitzHugh1fix.png used on input l
ine 299.
(pdftex.def)             Requested size: 241.90315pt x 212.79446pt.


Package natbib Warning: Citation `ref:FitzHugh' on page 3 undefined on input li
ne 303.

[3] <../figures/ModifiedBlankPhase2.png, id=31, 446.66875pt x 262.9825pt>
File: ../figures/ModifiedBlankPhase2.png Graphic file (type png)

<use ../figures/ModifiedBlankPhase2.png>
Package pdftex.def Info: ../figures/ModifiedBlankPhase2.png used on input line 
333.
(pdftex.def)             Requested size: 223.33382pt x 131.49092pt.

<../figures/FixedDiffCurrents2.png, id=32, 483.8075pt x 281.05pt>
File: ../figures/FixedDiffCurrents2.png Graphic file (type png)

<use ../figures/FixedDiffCurrents2.png>
Package pdftex.def Info: ../figures/FixedDiffCurrents2.png used on input line 3
39.
(pdftex.def)             Requested size: 241.90315pt x 140.52464pt.

<../figures/fixedDiffCurrentPhase2.png, id=33, 489.83pt x 208.78pt>
File: ../figures/fixedDiffCurrentPhase2.png Graphic file (type png)

<use ../figures/fixedDiffCurrentPhase2.png>
Package pdftex.def Info: ../figures/fixedDiffCurrentPhase2.png used on input li
ne 343.
(pdftex.def)             Requested size: 244.9144pt x 104.38972pt.

<../figures/bifurcationFixed2.png, id=34, 440.64626pt x 318.18875pt>
File: ../figures/bifurcationFixed2.png Graphic file (type png)

<use ../figures/bifurcationFixed2.png>
Package pdftex.def Info: ../figures/bifurcationFixed2.png used on input line 35
4.
(pdftex.def)             Requested size: 220.32259pt x 159.09398pt.

<../figures/fringevoltages2.png, id=35, 483.8075pt x 136.51pt>
File: ../figures/fringevoltages2.png Graphic file (type png)

<use ../figures/fringevoltages2.png>
Package pdftex.def Info: ../figures/fringevoltages2.png used on input line 361.

(pdftex.def)             Requested size: 241.90315pt x 68.25482pt.

<../figures/fringephases2.png, id=36, 492.84125pt x 208.78pt>
File: ../figures/fringephases2.png Graphic file (type png)

<use ../figures/fringephases2.png>
Package pdftex.def Info: ../figures/fringephases2.png used on input line 366.
(pdftex.def)             Requested size: 246.42001pt x 104.38972pt.


Package natbib Warning: Citation `ref:AllorNone' on page 4 undefined on input l
ine 377.

[4 <../figures/PhaseWithTraj2.png> <../figures/TrajForPhase2.png> <../figures/F
itzHughPhase.png> <../figures/FitzHughTraj.png>]

LaTeX Warning: A float is stuck (cannot be placed); try class option [floatfix]
 on input line 378.


Package natbib Warning: Citation `ref:TheoreticalNeuroscience' on page 5 undefi
ned on input line 383.


Package natbib Warning: Citation `ref:AllorNone' on page 5 undefined on input l
ine 383.

[5 <../figures/ReplicatingFitzHugh1fix.png> <../figures/ModifiedBlankPhase2.png
> <../figures/FixedDiffCurrents2.png> <../figures/fixedDiffCurrentPhase2.png>]

Package natbib Warning: Citation `ref:TheoreticalNeuroscience' on page 6 undefi
ned on input line 392.


Package natbib Warning: Citation `ref:noise' on page 6 undefined on input line 
410.

[6 <../figures/bifurcationFixed2.png> <../figures/fringevoltages2.png> <../figu
res/fringephases2.png>]
<../figures/noisyresults.png, id=58, 483.8075pt x 353.32pt>
File: ../figures/noisyresults.png Graphic file (type png)

<use ../figures/noisyresults.png>
Package pdftex.def Info: ../figures/noisyresults.png used on input line 417.
(pdftex.def)             Requested size: 246.0pt x 179.65169pt.

<../figures/misfirevfixed.png, id=59, 138.5175pt x 353.32pt>
File: ../figures/misfirevfixed.png Graphic file (type png)

<use ../figures/misfirevfixed.png>
Package pdftex.def Info: ../figures/misfirevfixed.png used on input line 424.
(pdftex.def)             Requested size: 69.25858pt x 176.65956pt.

Overfull \hbox (7.75858pt too wide) in paragraph at lines 424--426
 [][] 
 []

<../figures/misfiresvert.png, id=60, 320.19624pt x 318.18875pt>
File: ../figures/misfiresvert.png Graphic file (type png)

<use ../figures/misfiresvert.png>
Package pdftex.def Info: ../figures/misfiresvert.png used on input line 430.
(pdftex.def)             Requested size: 160.09772pt x 159.09398pt.

Overfull \hbox (12.49622pt too wide) in paragraph at lines 430--432
 [][] 
 []

[7 <../figures/noisyresults.png> <../figures/misfirevfixed.png> <../figures/mis
firesvert.png>]

LaTeX Warning: Reference `LastBibItem' on page 8 undefined on input line 448.


Underfull \hbox (badness 2253) in paragraph at lines 478--479
 []\OT1/cmr/m/n/9 Xuerong M. 2015. The trun-cated Euler-Maruyama
 []

No file BiophysicsPaperDraft2.bbl.

Package natbib Warning: There were undefined citations.

[8] (./BiophysicsPaperDraft2.aux

Package natbib Warning: Citation(s) may have changed.
(natbib)                Rerun to get citations correct.

)

LaTeX Warning: There were undefined references.


LaTeX Warning: Label(s) may have changed. Rerun to get cross-references right .


 ) 
Here is how much of TeX's memory you used:
 6141 strings out of 493014
 88732 string characters out of 6133351
 275147 words of memory out of 5000000
 9569 multiletter control sequences out of 15000+600000
 13994 words of font info for 52 fonts, out of 8000000 for 9000
 1141 hyphenation exceptions out of 8191
 42i,16n,41p,2360b,585s stack positions out of 5000i,500n,10000p,200000b,80000s
</usr/local/texlive/2016/texmf-dist/fonts/type1/public/amsfonts/cm/cmbx10.pfb
></usr/local/texlive/2016/texmf-dist/fonts/type1/public/amsfonts/cm/cmbx12.pfb>
</usr/local/texlive/2016/texmf-dist/fonts/type1/public/amsfonts/cm/cmbx9.pfb></
usr/local/texlive/2016/texmf-dist/fonts/type1/public/amsfonts/cm/cmex10.pfb></u
sr/local/texlive/2016/texmf-dist/fonts/type1/public/amsfonts/cm/cmmi10.pfb></us
r/local/texlive/2016/texmf-dist/fonts/type1/public/amsfonts/cm/cmmi7.pfb></usr/
local/texlive/2016/texmf-dist/fonts/type1/public/amsfonts/cm/cmmi9.pfb></usr/lo
cal/texlive/2016/texmf-dist/fonts/type1/public/amsfonts/cm/cmr10.pfb></usr/loca
l/texlive/2016/texmf-dist/fonts/type1/public/amsfonts/cm/cmr7.pfb></usr/local/t
exlive/2016/texmf-dist/fonts/type1/public/amsfonts/cm/cmr9.pfb></usr/local/texl
ive/2016/texmf-dist/fonts/type1/public/amsfonts/cm/cmsy10.pfb></usr/local/texli
ve/2016/texmf-dist/fonts/type1/public/amsfonts/cm/cmsy5.pfb></usr/local/texlive
/2016/texmf-dist/fonts/type1/public/amsfonts/cm/cmsy7.pfb></usr/local/texlive/2
016/texmf-dist/fonts/type1/public/amsfonts/cm/cmsy9.pfb>
Output written on BiophysicsPaperDraft2.pdf (8 pages, 651752 bytes).
PDF statistics:
 116 PDF objects out of 1000 (max. 8388607)
 63 compressed objects within 1 object stream
 0 named destinations out of 1000 (max. 500000)
 71 words of extra memory for PDF output out of 10000 (max. 10000000)

